#
# There is insufficient memory for the Java Runtime Environment to continue.
# Native memory allocation (malloc) failed to allocate 1048576 bytes for AllocateHeap
# Possible reasons:
#   The system is out of physical RAM or swap space
#   In 32 bit mode, the process size limit was hit
# Possible solutions:
#   Reduce memory load on the system
#   Increase physical memory or swap space
#   Check if swap backing store is full
#   Use 64 bit Java on a 64 bit OS
#   Decrease Java heap size (-Xmx/-Xms)
#   Decrease number of Java threads
#   Decrease Java thread stack sizes (-Xss)
#   Set larger code cache with -XX:ReservedCodeCacheSize=
# This output file may be truncated or incomplete.
#
#  Out of Memory Error (memory/allocation.inline.hpp:61), pid=10468, tid=10288
#
# JRE version:  (7.0_75-b13) (build )
# Java VM: Java HotSpot(TM) 64-Bit Server VM (24.75-b04 mixed mode windows-amd64 compressed oops)
# Failed to write core dump. Minidumps are not enabled by default on client versions of Windows
#

---------------  T H R E A D  ---------------

Current thread (0x0000000002d10800):  JavaThread "Unknown thread" [_thread_in_vm, id=10288, stack(0x0000000002c10000,0x0000000002d10000)]

Stack: [0x0000000002c10000,0x0000000002d10000]
[error occurred during error reporting (printing stack bounds), id 0xc0000005]


---------------  P R O C E S S  ---------------

Java Threads: ( => current thread )

Other Threads:

=>0x0000000002d10800 (exited) JavaThread "Unknown thread" [_thread_in_vm, id=10288, stack(0x0000000002c10000,0x0000000002d10000)]

VM state:not at safepoint (normal execution)

VM Mutex/Monitor currently owned by a thread: None

Heap
 PSYoungGen      total 38400K, used 665K [0x00000007d5c00000, 0x00000007d8680000, 0x0000000800000000)
  eden space 33280K, 2% used [0x00000007d5c00000,0x00000007d5ca66b8,0x00000007d7c80000)
  from space 5120K, 0% used [0x00000007d8180000,0x00000007d8180000,0x00000007d8680000)
  to   space 5120K, 0% used [0x00000007d7c80000,0x00000007d7c80000,0x00000007d8180000)
 ParOldGen       total 86528K, used 0K [0x0000000781400000, 0x0000000786880000, 0x00000007d5c00000)
  object space 86528K, 0% used [0x0000000781400000,0x0000000781400000,0x0000000786880000)
 PSPermGen       total 21504K, used 679K [0x000000077c200000, 0x000000077d700000, 0x0000000781400000)
  object space 21504K, 3% used [0x000000077c200000,0x000000077c2a9f78,0x000000077d700000)

Card table byte_map: [0x0000000005e10000,0x0000000006230000] byte_map_base: 0x000000000222f000

Polling page: 0x0000000001190000

Code Cache  [0x0000000002e10000, 0x0000000003080000, 0x0000000005e10000)
 total_blobs=38 nmethods=0 adapters=20 free_code_cache=48889Kb largest_free_block=50062528

Compilation events (0 events):
No events

GC Heap History (0 events):
No events

Deoptimization events (0 events):
No events

Internal exceptions (0 events):
No events

Events (10 events):
Event: 0.013 loading class 0x0000000002d60010
Event: 0.013 loading class 0x0000000002d60010 done
Event: 0.013 loading class 0x0000000002d60060
Event: 0.013 loading class 0x0000000002d60060 done
Event: 0.013 loading class 0x0000000002d600b0
Event: 0.013 loading class 0x0000000002d600b0 done
Event: 0.013 loading class 0x0000000002d60e30
Event: 0.014 loading class 0x0000000002d60e30 done
Event: 0.014 loading class 0x0000000002d60a50
Event: 0.014 loading class 0x0000000002d60a50 done


Dynamic libraries:
0x00007ff678b50000 - 0x00007ff678b83000 	C:\Windows\system32\java.exe
0x00007ffeb73b0000 - 0x00007ffeb7556000 	C:\Windows\SYSTEM32\ntdll.dll
0x00007ffeb52f0000 - 0x00007ffeb542a000 	C:\Windows\system32\KERNEL32.DLL
0x00007ffeb47f0000 - 0x00007ffeb48ff000 	C:\Windows\system32\KERNELBASE.dll
0x00007ffeb3330000 - 0x00007ffeb33b8000 	C:\Windows\system32\apphelp.dll
0x00007ffe99ba0000 - 0x00007ffe99bef000 	C:\Windows\AppPatch\AppPatch64\AcGenral.DLL
0x00007ffeb6cd0000 - 0x00007ffeb6d77000 	C:\Windows\system32\msvcrt.dll
0x00007ffeb45d0000 - 0x00007ffeb45fb000 	C:\Windows\system32\SspiCli.dll
0x00007ffeb7060000 - 0x00007ffeb70b1000 	C:\Windows\system32\SHLWAPI.dll
0x00007ffeb6b50000 - 0x00007ffeb6cc1000 	C:\Windows\system32\USER32.dll
0x00007ffeb69d0000 - 0x00007ffeb6b48000 	C:\Windows\system32\ole32.dll
0x00007ffeb55b0000 - 0x00007ffeb69bf000 	C:\Windows\system32\SHELL32.dll
0x00007ffeb3d90000 - 0x00007ffeb3dae000 	C:\Windows\system32\USERENV.dll
0x00007ffeb5430000 - 0x00007ffeb54d5000 	C:\Windows\system32\ADVAPI32.dll
0x00007ffea75c0000 - 0x00007ffea75db000 	C:\Windows\system32\MPR.dll
0x00007ffeb70d0000 - 0x00007ffeb7207000 	C:\Windows\system32\RPCRT4.dll
0x00007ffeb50e0000 - 0x00007ffeb5137000 	C:\Windows\SYSTEM32\sechost.dll
0x00007ffeb4c90000 - 0x00007ffeb4e66000 	C:\Windows\SYSTEM32\combase.dll
0x00007ffeb5140000 - 0x00007ffeb5284000 	C:\Windows\system32\GDI32.dll
0x00007ffeb4720000 - 0x00007ffeb4734000 	C:\Windows\system32\profapi.dll
0x00007ffeb3270000 - 0x00007ffeb330f000 	C:\Windows\system32\SHCORE.dll
0x00007ffeb7010000 - 0x00007ffeb7044000 	C:\Windows\system32\IMM32.DLL
0x00007ffeb4f40000 - 0x00007ffeb5079000 	C:\Windows\system32\MSCTF.dll
0x00007ffeb2050000 - 0x00007ffeb22aa000 	C:\Windows\WinSxS\amd64_microsoft.windows.common-controls_6595b64144ccf1df_6.0.9600.17031_none_6242a4b3ecbb55a1\COMCTL32.dll
0x000000006cf40000 - 0x000000006d012000 	C:\Program Files\Java\jre7\bin\msvcr100.dll
0x000000006c760000 - 0x000000006cf34000 	C:\Program Files\Java\jre7\bin\server\jvm.dll
0x00007ffe98640000 - 0x00007ffe98649000 	C:\Windows\system32\WSOCK32.dll
0x00007ffeb2d10000 - 0x00007ffeb2d2f000 	C:\Windows\system32\WINMM.dll
0x00007ffeb70c0000 - 0x00007ffeb70c7000 	C:\Windows\system32\PSAPI.DLL
0x00007ffeb5290000 - 0x00007ffeb52e8000 	C:\Windows\system32\WS2_32.dll
0x00007ffeb2be0000 - 0x00007ffeb2c0a000 	C:\Windows\system32\WINMMBASE.dll
0x00007ffeb7050000 - 0x00007ffeb7059000 	C:\Windows\system32\NSI.dll
0x00007ffeb4be0000 - 0x00007ffeb4c2a000 	C:\Windows\SYSTEM32\cfgmgr32.dll
0x00007ffeb3590000 - 0x00007ffeb35b6000 	C:\Windows\system32\DEVOBJ.dll
0x000000006e950000 - 0x000000006e95f000 	C:\Program Files\Java\jre7\bin\verify.dll
0x000000006c730000 - 0x000000006c758000 	C:\Program Files\Java\jre7\bin\java.dll
0x000000006c710000 - 0x000000006c725000 	C:\Program Files\Java\jre7\bin\zip.dll

VM Arguments:
java_command: <unknown>
Launcher Type: SUN_STANDARD

Environment Variables:
PATH=C:\Program Files (x86)\NVIDIA Corporation\PhysX\Common;C:\ProgramData\Oracle\Java\javapath;C:\Program Files\Broadcom\Broadcom 802.11 Network Adapter;C:\Program Files (x86)\Intel\iCLS Client\;C:\Program Files\Intel\iCLS Client\;C:\Windows\system32;C:\Windows;C:\Windows\System32\Wbem;C:\Windows\System32\WindowsPowerShell\v1.0\;C:\Program Files (x86)\Windows Live\Shared;C:\Program Files\WIDCOMM\Bluetooth Software\;C:\Program Files\WIDCOMM\Bluetooth Software\syswow64;C:\Program Files\Intel\Intel(R) Management Engine Components\DAL;C:\Program Files\Intel\Intel(R) Management Engine Components\IPT;C:\Program Files (x86)\Intel\Intel(R) Management Engine Components\DAL;C:\Program Files (x86)\Intel\Intel(R) Management Engine Components\IPT;C:\Program Files (x86)\Windows Kits\8.1\Windows Performance Toolkit\;C:\Program Files\Microsoft SQL Server\110\Tools\Binn\;C:\Program Files (x86)\Microsoft SQL Server\110\Tools\Binn\;C:\Program Files\Microsoft SQL Server\110\DTS\Binn\
USERNAME=Xavier
OS=Windows_NT
PROCESSOR_IDENTIFIER=Intel64 Family 6 Model 60 Stepping 3, GenuineIntel



---------------  S Y S T E M  ---------------

OS: Windows 8.1 , 64 bit Build 9600 

CPU:total 8 (4 cores per cpu, 2 threads per core) family 6 model 60 stepping 3, cmov, cx8, fxsr, mmx, sse, sse2, sse3, ssse3, sse4.1, sse4.2, popcnt, avx, avx2, aes, erms, ht, tsc, tscinvbit

Memory: 4k page, physical 8304112k(1114436k free), swap 10801132k(61824k free)

vm_info: Java HotSpot(TM) 64-Bit Server VM (24.75-b04) for windows-amd64 JRE (1.7.0_75-b13), built on Dec 18 2014 17:15:01 by "java_re" with unknown MS VC++:1600

time: Sat Feb 07 23:20:21 2015
elapsed time: 3 seconds

